Arguments: 
  /Users/unohayato/.nodebrew/node/v18.8.0/bin/node /usr/local/Cellar/yarn/1.22.19/libexec/bin/yarn.js add jquery 3.5.0

PATH: 
  /Users/unohayato/.nodebrew/current/bin:/usr/local/bin:/System/Cryptexes/App/usr/bin:/usr/bin:/bin:/usr/sbin:/sbin:/Users/unohayato/opt/anaconda3/bin:/Users/unohayato/opt/anaconda3/condabin:/Users/unohayato/.nodebrew/current/bin:/Library/PostgreSQL/11/bin:/Library/PostgreSQL/14/bin:/Library/PostgreSQL/11/bin:/Library/PostgreSQL/14/bin:/Library/PostgreSQL/14/bin:/Library/PostgreSQL/14/bin:/Library/PostgreSQL/14/bin:/Library/PostgreSQL/14/bin

Yarn version: 
  1.22.19

Node version: 
  18.8.0

Platform: 
  darwin x64

Trace: 
  Error: https://registry.yarnpkg.com/3.5.0: Not found
      at params.callback [as _callback] (/usr/local/Cellar/yarn/1.22.19/libexec/lib/cli.js:66145:18)
      at self.callback (/usr/local/Cellar/yarn/1.22.19/libexec/lib/cli.js:140890:22)
      at Request.emit (node:events:513:28)
      at Request.<anonymous> (/usr/local/Cellar/yarn/1.22.19/libexec/lib/cli.js:141862:10)
      at Request.emit (node:events:513:28)
      at IncomingMessage.<anonymous> (/usr/local/Cellar/yarn/1.22.19/libexec/lib/cli.js:141784:12)
      at Object.onceWrapper (node:events:627:28)
      at IncomingMessage.emit (node:events:525:35)
      at endReadableNT (node:internal/streams/readable:1359:12)
      at process.processTicksAndRejections (node:internal/process/task_queues:82:21)

npm manifest: 
  {
    "name": "modern-js",
    "version": "1.0.0",
    "main": "index.js",
    "repository": "https://github.com/unohayato/modern-js.git",
    "author": "unohayato <mamidori1p1p@gmail.com>",
    "license": "MIT",
    "dependencies": {}
  }

yarn manifest: 
  No manifest

Lockfile: 
  # THIS IS AN AUTOGENERATED FILE. DO NOT EDIT THIS FILE DIRECTLY.
  # yarn lockfile v1
